2022-04-24 21:06:20,440 INFO Starting Nacos v1.4.3 on DESKTOP-QI6B9ME with PID 16904 (E:\work\Idea_proj\demo_SpringCloud\nacos-server\nacos-server-1.4.3\nacos\target\nacos-server.jar started by Liu in E:\work\Idea_proj\demo_SpringCloud\nacos-server\nacos-server-1.4.3\nacos\bin)

2022-04-24 21:06:20,442 INFO The following profiles are active: standalone

2022-04-24 21:06:22,534 INFO Bean 'org.springframework.security.access.expression.method.DefaultMethodSecurityExpressionHandler@415b0b49' of type [org.springframework.security.access.expression.method.DefaultMethodSecurityExpressionHandler] is not eligible for getting processed by all BeanPostProcessors (for example: not eligible for auto-proxying)

2022-04-24 21:06:22,544 INFO Bean 'methodSecurityMetadataSource' of type [org.springframework.security.access.method.DelegatingMethodSecurityMetadataSource] is not eligible for getting processed by all BeanPostProcessors (for example: not eligible for auto-proxying)

2022-04-24 21:06:23,416 INFO Tomcat initialized with port(s): 8848 (http)

2022-04-24 21:06:23,456 INFO Starting service [Tomcat]

2022-04-24 21:06:23,456 INFO Starting Servlet engine: [Apache Tomcat/9.0.38]

2022-04-24 21:06:23,774 INFO At least one JAR was scanned for TLDs yet contained no TLDs. Enable debug logging for this logger for a complete list of JARs that were scanned but no TLDs were found in them. Skipping unneeded JARs during scanning can improve startup time and JSP compilation time.

2022-04-24 21:06:23,814 INFO Initializing Spring embedded WebApplicationContext

2022-04-24 21:06:23,814 INFO Root WebApplicationContext: initialization completed in 3326 ms

2022-04-24 21:06:24,309 INFO HikariPool-1 - Starting...

2022-04-24 21:06:24,309 WARN Registered driver with driverClassName=org.apache.derby.jdbc.EmbeddedDriver was not found, trying direct instantiation.

2022-04-24 21:06:24,584 INFO HikariPool-1 - Driver does not support get/set network timeout for connections. (Feature not implemented: No details.)

2022-04-24 21:06:24,584 INFO HikariPool-1 - Start completed.

2022-04-24 21:06:25,707 INFO Nacos-related cluster resource initialization

2022-04-24 21:06:25,718 INFO The cluster resource is initialized

2022-04-24 21:06:26,135 INFO Reflections took 47 ms to scan 1 urls, producing 4 keys and 6 values 

2022-04-24 21:06:26,159 INFO Reflections took 4 ms to scan 1 urls, producing 6 keys and 26 values 

2022-04-24 21:06:26,171 INFO Reflections took 2 ms to scan 1 urls, producing 3 keys and 15 values 

2022-04-24 21:06:26,181 INFO Reflections took 2 ms to scan 1 urls, producing 2 keys and 12 values 

2022-04-24 21:06:26,949 INFO Initializing ExecutorService 'applicationTaskExecutor'

2022-04-24 21:06:27,064 INFO Adding welcome page: class path resource [static/index.html]

2022-04-24 21:06:27,419 INFO Creating filter chain: Ant [pattern='/**'], []

2022-04-24 21:06:27,459 INFO Creating filter chain: any request, [org.springframework.security.web.context.request.async.WebAsyncManagerIntegrationFilter@5b970f7, org.springframework.security.web.context.SecurityContextPersistenceFilter@625e134e, org.springframework.security.web.header.HeaderWriterFilter@77192705, org.springframework.security.web.csrf.CsrfFilter@3c0fae6c, org.springframework.security.web.authentication.logout.LogoutFilter@119f1f2a, org.springframework.security.web.savedrequest.RequestCacheAwareFilter@89c10b7, org.springframework.security.web.servletapi.SecurityContextHolderAwareRequestFilter@55795845, org.springframework.security.web.authentication.AnonymousAuthenticationFilter@7fd4acee, org.springframework.security.web.session.SessionManagementFilter@7e809b79, org.springframework.security.web.access.ExceptionTranslationFilter@52b56a3e]

2022-04-24 21:06:27,548 INFO Initializing ExecutorService 'taskScheduler'

2022-04-24 21:06:27,570 INFO Exposing 2 endpoint(s) beneath base path '/actuator'

2022-04-24 21:06:27,672 INFO Tomcat started on port(s): 8848 (http) with context path '/nacos'

2022-04-24 21:06:27,674 INFO Started Nacos in 8.61 seconds (JVM running for 9.209)

2022-04-24 21:06:27,674 INFO Nacos started successfully in stand alone mode. use embedded storage

2022-04-24 21:06:38,184 INFO Initializing Spring DispatcherServlet 'dispatcherServlet'

2022-04-24 21:06:38,184 INFO Initializing Servlet 'dispatcherServlet'

2022-04-24 21:06:38,199 INFO Completed initialization in 15 ms

2022-04-24 21:16:26,323 INFO [capacityManagement] start correct usage

2022-04-24 21:16:26,343 INFO [capacityManagement] end correct usage, cost: 0s

2022-04-24 21:16:26,483 WARN clearConfigHistory start

2022-04-24 21:26:26,354 INFO [capacityManagement] start correct usage

2022-04-24 21:26:26,354 INFO [capacityManagement] end correct usage, cost: 0s

2022-04-24 21:26:26,514 WARN clearConfigHistory start

2022-04-24 21:36:26,374 INFO [capacityManagement] start correct usage

2022-04-24 21:36:26,374 INFO [capacityManagement] end correct usage, cost: 0s

2022-04-24 21:36:26,529 WARN clearConfigHistory start

